# JRE version: 7.0_17-b02
# Java VM: Java HotSpot(TM) Server VM (23.7-b01 mixed mode windows-x86 )
Heap
 PSYoungGen      total 136512K, used 8336K [0x48ca0000, 0x51740000, 0x5e1f0000)
  eden space 131072K, 6% used [0x48ca0000,0x494c4308,0x50ca0000)
  from space 5440K, 0% used [0x50ca0000,0x50ca0000,0x511f0000)
  to   space 5440K, 0% used [0x511f0000,0x511f0000,0x51740000)
 ParOldGen       total 87424K, used 36232K [0x1e1f0000, 0x23750000, 0x48ca0000)
  object space 87424K, 41% used [0x1e1f0000,0x20552138,0x23750000)
 PSPermGen       total 34432K, used 32454K [0x1a1f0000, 0x1c390000, 0x1e1f0000)
  object space 34432K, 94% used [0x1a1f0000,0x1c1a1ae0,0x1c390000)
GC Heap History (10 events):
Event: 17.101 GC heap before
{Heap before GC invocations=195 (full 96):
 PSYoungGen      total 136512K, used 855K [0x48ca0000, 0x51740000, 0x5e1f0000)
  eden space 131072K, 0% used [0x48ca0000,0x48ca0000,0x50ca0000)
  from space 5440K, 15% used [0x50ca0000,0x50d75e18,0x511f0000)
  to   space 5440K, 0% used [0x511f0000,0x511f0000,0x51740000)
 ParOldGen       total 87424K, used 36002K [0x1e1f0000, 0x23750000, 0x48ca0000)
  object space 87424K, 41% used [0x1e1f0000,0x20518bc8,0x23750000)
 PSPermGen       total 34688K, used 32377K [0x1a1f0000, 0x1c3d0000, 0x1e1f0000)
  object space 34688K, 93% used [0x1a1f0000,0x1c18e498,0x1c3d0000)
Event: 17.152 GC heap after
Heap after GC invocations=195 (full 96):
 PSYoungGen      total 136512K, used 0K [0x48ca0000, 0x51740000, 0x5e1f0000)
  eden space 131072K, 0% used [0x48ca0000,0x48ca0000,0x50ca0000)
  from space 5440K, 0% used [0x50ca0000,0x50ca0000,0x511f0000)
  to   space 5440K, 0% used [0x511f0000,0x511f0000,0x51740000)
 ParOldGen       total 87424K, used 35963K [0x1e1f0000, 0x23750000, 0x48ca0000)
  object space 87424K, 41% used [0x1e1f0000,0x2050ef18,0x23750000)
 PSPermGen       total 34688K, used 32376K [0x1a1f0000, 0x1c3d0000, 0x1e1f0000)
  object space 34688K, 93% used [0x1a1f0000,0x1c18e3e8,0x1c3d0000)
}
Event: 17.185 GC heap before
{Heap before GC invocations=196 (full 96):
 PSYoungGen      total 136512K, used 5120K [0x48ca0000, 0x51740000, 0x5e1f0000)
  eden space 131072K, 3% used [0x48ca0000,0x491a0278,0x50ca0000)
  from space 5440K, 0% used [0x50ca0000,0x50ca0000,0x511f0000)
  to   space 5440K, 0% used [0x511f0000,0x511f0000,0x51740000)
 ParOldGen       total 87424K, used 35963K [0x1e1f0000, 0x23750000, 0x48ca0000)
  object space 87424K, 41% used [0x1e1f0000,0x2050ef18,0x23750000)
 PSPermGen       total 34688K, used 32384K [0x1a1f0000, 0x1c3d0000, 0x1e1f0000)
  object space 34688K, 93% used [0x1a1f0000,0x1c190048,0x1c3d0000)
Event: 17.187 GC heap after
Heap after GC invocations=196 (full 96):
 PSYoungGen      total 136512K, used 448K [0x48ca0000, 0x51740000, 0x5e1f0000)
  eden space 131072K, 0% used [0x48ca0000,0x48ca0000,0x50ca0000)
  from space 5440K, 8% used [0x511f0000,0x51260000,0x51740000)
  to   space 5440K, 0% used [0x50ca0000,0x50ca0000,0x511f0000)
 ParOldGen       total 87424K, used 35963K [0x1e1f0000, 0x23750000, 0x48ca0000)
  object space 87424K, 41% used [0x1e1f0000,0x2050ef18,0x23750000)
 PSPermGen       total 34688K, used 32384K [0x1a1f0000, 0x1c3d0000, 0x1e1f0000)
  object space 34688K, 93% used [0x1a1f0000,0x1c190048,0x1c3d0000)
}
Event: 17.187 GC heap before
{Heap before GC invocations=197 (full 97):
 PSYoungGen      total 136512K, used 448K [0x48ca0000, 0x51740000, 0x5e1f0000)
  eden space 131072K, 0% used [0x48ca0000,0x48ca0000,0x50ca0000)
  from space 5440K, 8% used [0x511f0000,0x51260000,0x51740000)
  to   space 5440K, 0% used [0x50ca0000,0x50ca0000,0x511f0000)
 ParOldGen       total 87424K, used 35963K [0x1e1f0000, 0x23750000, 0x48ca0000)
  object space 87424K, 41% used [0x1e1f0000,0x2050ef18,0x23750000)
 PSPermGen       total 34688K, used 32384K [0x1a1f0000, 0x1c3d0000, 0x1e1f0000)
  object space 34688K, 93% used [0x1a1f0000,0x1c190048,0x1c3d0000)
Event: 17.235 GC heap after
Heap after GC invocations=197 (full 97):
 PSYoungGen      total 136512K, used 0K [0x48ca0000, 0x51740000, 0x5e1f0000)
  eden space 131072K, 0% used [0x48ca0000,0x48ca0000,0x50ca0000)
  from space 5440K, 0% used [0x511f0000,0x511f0000,0x51740000)
  to   space 5440K, 0% used [0x50ca0000,0x50ca0000,0x511f0000)
 ParOldGen       total 87424K, used 35787K [0x1e1f0000, 0x23750000, 0x48ca0000)
  object space 87424K, 40% used [0x1e1f0000,0x204e2d40,0x23750000)
 PSPermGen       total 34432K, used 32384K [0x1a1f0000, 0x1c390000, 0x1e1f0000)
  object space 34432K, 94% used [0x1a1f0000,0x1c190048,0x1c390000)
}
Event: 17.368 GC heap before
{Heap before GC invocations=198 (full 97):
 PSYoungGen      total 136512K, used 11868K [0x48ca0000, 0x51740000, 0x5e1f0000)
  eden space 131072K, 9% used [0x48ca0000,0x498370d0,0x50ca0000)
  from space 5440K, 0% used [0x511f0000,0x511f0000,0x51740000)
  to   space 5440K, 0% used [0x50ca0000,0x50ca0000,0x511f0000)
 ParOldGen       total 87424K, used 35787K [0x1e1f0000, 0x23750000, 0x48ca0000)
  object space 87424K, 40% used [0x1e1f0000,0x204e2d40,0x23750000)
 PSPermGen       total 34432K, used 32407K [0x1a1f0000, 0x1c390000, 0x1e1f0000)
  object space 34432K, 94% used [0x1a1f0000,0x1c195e70,0x1c390000)
Event: 17.370 GC heap after
Heap after GC invocations=198 (full 97):
 PSYoungGen      total 136512K, used 912K [0x48ca0000, 0x51740000, 0x5e1f0000)
  eden space 131072K, 0% used [0x48ca0000,0x48ca0000,0x50ca0000)
  from space 5440K, 16% used [0x50ca0000,0x50d84000,0x511f0000)
  to   space 5440K, 0% used [0x511f0000,0x511f0000,0x51740000)
 ParOldGen       total 87424K, used 35787K [0x1e1f0000, 0x23750000, 0x48ca0000)
  object space 87424K, 40% used [0x1e1f0000,0x204e2d40,0x23750000)
 PSPermGen       total 34432K, used 32407K [0x1a1f0000, 0x1c390000, 0x1e1f0000)
  object space 34432K, 94% used [0x1a1f0000,0x1c195e70,0x1c390000)
}
Event: 17.370 GC heap before
{Heap before GC invocations=199 (full 98):
 PSYoungGen      total 136512K, used 912K [0x48ca0000, 0x51740000, 0x5e1f0000)
  eden space 131072K, 0% used [0x48ca0000,0x48ca0000,0x50ca0000)
  from space 5440K, 16% used [0x50ca0000,0x50d84000,0x511f0000)
  to   space 5440K, 0% used [0x511f0000,0x511f0000,0x51740000)
 ParOldGen       total 87424K, used 35787K [0x1e1f0000, 0x23750000, 0x48ca0000)
  object space 87424K, 40% used [0x1e1f0000,0x204e2d40,0x23750000)
 PSPermGen       total 34432K, used 32407K [0x1a1f0000, 0x1c390000, 0x1e1f0000)
  object space 34432K, 94% used [0x1a1f0000,0x1c195e70,0x1c390000)
Event: 17.423 GC heap after
Heap after GC invocations=199 (full 98):
 PSYoungGen      total 136512K, used 0K [0x48ca0000, 0x51740000, 0x5e1f0000)
  eden space 131072K, 0% used [0x48ca0000,0x48ca0000,0x50ca0000)
  from space 5440K, 0% used [0x50ca0000,0x50ca0000,0x511f0000)
  to   space 5440K, 0% used [0x511f0000,0x511f0000,0x51740000)
 ParOldGen       total 87424K, used 36232K [0x1e1f0000, 0x23750000, 0x48ca0000)
  object space 87424K, 41% used [0x1e1f0000,0x20552138,0x23750000)
 PSPermGen       total 34432K, used 32407K [0x1a1f0000, 0x1c390000, 0x1e1f0000)
  object space 34432K, 94% used [0x1a1f0000,0x1c195e10,0x1c390000)
}

